[2025-10-11 11:24:51] envato.ERROR: View [welcome] not found. {"exception":"[object] (InvalidArgumentException(code: 0): View [welcome] not found. at /home/bw8ol9jzdeiy/public_html/admin.loganexpresscare.com.au/main-website/vendor/laravel/framework/src/Illuminate/View/FileViewFinder.php:138)
[stacktrace]
#0 /home/bw8ol9jzdeiy/public_html/admin.loganexpresscare.com.au/main-website/vendor/laravel/framework/src/Illuminate/View/FileViewFinder.php(78): Illuminate\\View\\FileViewFinder->findInPaths()
#1 /home/bw8ol9jzdeiy/public_html/admin.loganexpresscare.com.au/main-website/vendor/laravel/framework/src/Illuminate/View/Factory.php(150): Illuminate\\View\\FileViewFinder->find()
#2 /home/bw8ol9jzdeiy/public_html/admin.loganexpresscare.com.au/main-website/vendor/laravel/framework/src/Illuminate/Foundation/helpers.php(1101): Illuminate\\View\\Factory->make()
#3 /home/bw8ol9jzdeiy/public_html/admin.loganexpresscare.com.au/main-website/routes/main.php(26): view()
#4 /home/bw8ol9jzdeiy/public_html/admin.loganexpresscare.com.au/main-website/vendor/laravel/framework/src/Illuminate/Routing/CallableDispatcher.php(39): Illuminate\\Routing\\RouteFileRegistrar->{closure}()
#5 /home/bw8ol9jzdeiy/public_html/admin.loganexpresscare.com.au/main-website/vendor/laravel/framework/src/Illuminate/Routing/Route.php(243): Illuminate\\Routing\\CallableDispatcher->dispatch()
#6 /home/bw8ol9jzdeiy/public_html/admin.loganexpresscare.com.au/main-website/vendor/laravel/framework/src/Illuminate/Routing/Route.php(214): Illuminate\\Routing\\Route->runCallable()
#7 /home/bw8ol9jzdeiy/public_html/admin.loganexpresscare.com.au/main-website/vendor/laravel/framework/src/Illuminate/Routing/Router.php(808): Illuminate\\Routing\\Route->run()
#8 /home/bw8ol9jzdeiy/public_html/admin.loganexpresscare.com.au/main-website/vendor/laravel/framework/src/Illuminate/Pipeline/Pipeline.php(169): Illuminate\\Routing\\Router->Illuminate\\Routing\\{closure}()
#9 /home/bw8ol9jzdeiy/public_html/admin.loganexpresscare.com.au/main-website/vendor/laravel/framework/src/Illuminate/Routing/Middleware/SubstituteBindings.php(50): Illuminate\\Pipeline\\Pipeline->Illuminate\\Pipeline\\{closure}()
#10 /home/bw8ol9jzdeiy/public_html/admin.loganexpresscare.com.au/main-website/vendor/laravel/framework/src/Illuminate/Pipeline/Pipeline.php(208): Illuminate\\Routing\\Middleware\\SubstituteBindings->handle()
#11 /home/bw8ol9jzdeiy/public_html/admin.loganexpresscare.com.au/main-website/vendor/laravel/framework/src/Illuminate/Foundation/Http/Middleware/VerifyCsrfToken.php(87): Illuminate\\Pipeline\\Pipeline->Illuminate\\Pipeline\\{closure}()
#12 /home/bw8ol9jzdeiy/public_html/admin.loganexpresscare.com.au/main-website/vendor/laravel/framework/src/Illuminate/Pipeline/Pipeline.php(208): Illuminate\\Foundation\\Http\\Middleware\\VerifyCsrfToken->handle()
#13 /home/bw8ol9jzdeiy/public_html/admin.loganexpresscare.com.au/main-website/vendor/laravel/framework/src/Illuminate/View/Middleware/ShareErrorsFromSession.php(48): Illuminate\\Pipeline\\Pipeline->Illuminate\\Pipeline\\{closure}()
#14 /home/bw8ol9jzdeiy/public_html/admin.loganexpresscare.com.au/main-website/vendor/laravel/framework/src/Illuminate/Pipeline/Pipeline.php(208): Illuminate\\View\\Middleware\\ShareErrorsFromSession->handle()
#15 /home/bw8ol9jzdeiy/public_html/admin.loganexpresscare.com.au/main-website/vendor/laravel/framework/src/Illuminate/Cookie/Middleware/AddQueuedCookiesToResponse.php(36): Illuminate\\Pipeline\\Pipeline->Illuminate\\Pipeline\\{closure}()
#16 /home/bw8ol9jzdeiy/public_html/admin.loganexpresscare.com.au/main-website/vendor/laravel/framework/src/Illuminate/Pipeline/Pipeline.php(208): Illuminate\\Cookie\\Middleware\\AddQueuedCookiesToResponse->handle()
#17 /home/bw8ol9jzdeiy/public_html/admin.loganexpresscare.com.au/main-website/vendor/laravel/framework/src/Illuminate/Cookie/Middleware/EncryptCookies.php(74): Illuminate\\Pipeline\\Pipeline->Illuminate\\Pipeline\\{closure}()
#18 /home/bw8ol9jzdeiy/public_html/admin.loganexpresscare.com.au/main-website/vendor/laravel/framework/src/Illuminate/Pipeline/Pipeline.php(208): Illuminate\\Cookie\\Middleware\\EncryptCookies->handle()
#19 /home/bw8ol9jzdeiy/public_html/admin.loganexpresscare.com.au/main-website/vendor/laravel/framework/src/Illuminate/Pipeline/Pipeline.php(126): Illuminate\\Pipeline\\Pipeline->Illuminate\\Pipeline\\{closure}()
#20 /home/bw8ol9jzdeiy/public_html/admin.loganexpresscare.com.au/main-website/vendor/laravel/framework/src/Illuminate/Routing/Router.php(807): Illuminate\\Pipeline\\Pipeline->then()
#21 /home/bw8ol9jzdeiy/public_html/admin.loganexpresscare.com.au/main-website/vendor/laravel/framework/src/Illuminate/Routing/Router.php(786): Illuminate\\Routing\\Router->runRouteWithinStack()
#22 /home/bw8ol9jzdeiy/public_html/admin.loganexpresscare.com.au/main-website/vendor/laravel/framework/src/Illuminate/Routing/Router.php(750): Illuminate\\Routing\\Router->runRoute()
#23 /home/bw8ol9jzdeiy/public_html/admin.loganexpresscare.com.au/main-website/vendor/laravel/framework/src/Illuminate/Routing/Router.php(739): Illuminate\\Routing\\Router->dispatchToRoute()
#24 /home/bw8ol9jzdeiy/public_html/admin.loganexpresscare.com.au/main-website/vendor/laravel/framework/src/Illuminate/Foundation/Http/Kernel.php(200): Illuminate\\Routing\\Router->dispatch()
#25 /home/bw8ol9jzdeiy/public_html/admin.loganexpresscare.com.au/main-website/vendor/laravel/framework/src/Illuminate/Pipeline/Pipeline.php(169): Illuminate\\Foundation\\Http\\Kernel->Illuminate\\Foundation\\Http\\{closure}()
#26 /home/bw8ol9jzdeiy/public_html/admin.loganexpresscare.com.au/main-website/vendor/laravel/framework/src/Illuminate/Session/Middleware/StartSession.php(120): Illuminate\\Pipeline\\Pipeline->Illuminate\\Pipeline\\{closure}()
#27 /home/bw8ol9jzdeiy/public_html/admin.loganexpresscare.com.au/main-website/vendor/laravel/framework/src/Illuminate/Session/Middleware/StartSession.php(63): Illuminate\\Session\\Middleware\\StartSession->handleStatefulRequest()
#28 /home/bw8ol9jzdeiy/public_html/admin.loganexpresscare.com.au/main-website/vendor/laravel/framework/src/Illuminate/Pipeline/Pipeline.php(208): Illuminate\\Session\\Middleware\\StartSession->handle()
#29 /home/bw8ol9jzdeiy/public_html/admin.loganexpresscare.com.au/main-website/vendor/laravel/framework/src/Illuminate/Foundation/Http/Middleware/TransformsRequest.php(21): Illuminate\\Pipeline\\Pipeline->Illuminate\\Pipeline\\{closure}()
#30 /home/bw8ol9jzdeiy/public_html/admin.loganexpresscare.com.au/main-website/vendor/laravel/framework/src/Illuminate/Foundation/Http/Middleware/ConvertEmptyStringsToNull.php(31): Illuminate\\Foundation\\Http\\Middleware\\TransformsRequest->handle()
#31 /home/bw8ol9jzdeiy/public_html/admin.loganexpresscare.com.au/main-website/vendor/laravel/framework/src/Illuminate/Pipeline/Pipeline.php(208): Illuminate\\Foundation\\Http\\Middleware\\ConvertEmptyStringsToNull->handle()
#32 /home/bw8ol9jzdeiy/public_html/admin.loganexpresscare.com.au/main-website/vendor/laravel/framework/src/Illuminate/Foundation/Http/Middleware/TransformsRequest.php(21): Illuminate\\Pipeline\\Pipeline->Illuminate\\Pipeline\\{closure}()
#33 /home/bw8ol9jzdeiy/public_html/admin.loganexpresscare.com.au/main-website/vendor/laravel/framework/src/Illuminate/Foundation/Http/Middleware/TrimStrings.php(51): Illuminate\\Foundation\\Http\\Middleware\\TransformsRequest->handle()
#34 /home/bw8ol9jzdeiy/public_html/admin.loganexpresscare.com.au/main-website/vendor/laravel/framework/src/Illuminate/Pipeline/Pipeline.php(208): Illuminate\\Foundation\\Http\\Middleware\\TrimStrings->handle()
#35 /home/bw8ol9jzdeiy/public_html/admin.loganexpresscare.com.au/main-website/vendor/laravel/framework/src/Illuminate/Http/Middleware/ValidatePostSize.php(27): Illuminate\\Pipeline\\Pipeline->Illuminate\\Pipeline\\{closure}()
#36 /home/bw8ol9jzdeiy/public_html/admin.loganexpresscare.com.au/main-website/vendor/laravel/framework/src/Illuminate/Pipeline/Pipeline.php(208): Illuminate\\Http\\Middleware\\ValidatePostSize->handle()
#37 /home/bw8ol9jzdeiy/public_html/admin.loganexpresscare.com.au/main-website/vendor/laravel/framework/src/Illuminate/Foundation/Http/Middleware/PreventRequestsDuringMaintenance.php(109): Illuminate\\Pipeline\\Pipeline->Illuminate\\Pipeline\\{closure}()
#38 /home/bw8ol9jzdeiy/public_html/admin.loganexpresscare.com.au/main-website/vendor/laravel/framework/src/Illuminate/Pipeline/Pipeline.php(208): Illuminate\\Foundation\\Http\\Middleware\\PreventRequestsDuringMaintenance->handle()
#39 /home/bw8ol9jzdeiy/public_html/admin.loganexpresscare.com.au/main-website/vendor/laravel/framework/src/Illuminate/Http/Middleware/HandleCors.php(48): Illuminate\\Pipeline\\Pipeline->Illuminate\\Pipeline\\{closure}()
#40 /home/bw8ol9jzdeiy/public_html/admin.loganexpresscare.com.au/main-website/vendor/laravel/framework/src/Illuminate/Pipeline/Pipeline.php(208): Illuminate\\Http\\Middleware\\HandleCors->handle()
#41 /home/bw8ol9jzdeiy/public_html/admin.loganexpresscare.com.au/main-website/vendor/laravel/framework/src/Illuminate/Http/Middleware/TrustProxies.php(58): Illuminate\\Pipeline\\Pipeline->Illuminate\\Pipeline\\{closure}()
#42 /home/bw8ol9jzdeiy/public_html/admin.loganexpresscare.com.au/main-website/vendor/laravel/framework/src/Illuminate/Pipeline/Pipeline.php(208): Illuminate\\Http\\Middleware\\TrustProxies->handle()
#43 /home/bw8ol9jzdeiy/public_html/admin.loganexpresscare.com.au/main-website/vendor/laravel/framework/src/Illuminate/Pipeline/Pipeline.php(126): Illuminate\\Pipeline\\Pipeline->Illuminate\\Pipeline\\{closure}()
#44 /home/bw8ol9jzdeiy/public_html/admin.loganexpresscare.com.au/main-website/vendor/laravel/framework/src/Illuminate/Foundation/Http/Kernel.php(175): Illuminate\\Pipeline\\Pipeline->then()
#45 /home/bw8ol9jzdeiy/public_html/admin.loganexpresscare.com.au/main-website/vendor/laravel/framework/src/Illuminate/Foundation/Http/Kernel.php(144): Illuminate\\Foundation\\Http\\Kernel->sendRequestThroughRouter()
#46 /home/bw8ol9jzdeiy/public_html/admin.loganexpresscare.com.au/main-website/public/index.php(51): Illuminate\\Foundation\\Http\\Kernel->handle()
#47 {main}
"} 
[2025-10-11 11:24:51] envato.ERROR: file_put_contents(/home/bw8ol9jzdeiy/public_html/admin.loganexpresscare.com.au/storage/framework/sessions/2m02POXQHlD9nrLuKK5bTRtZUtaSCi3JacuH9HH0): Failed to open stream: No such file or directory {"exception":"[object] (ErrorException(code: 0): file_put_contents(/home/bw8ol9jzdeiy/public_html/admin.loganexpresscare.com.au/storage/framework/sessions/2m02POXQHlD9nrLuKK5bTRtZUtaSCi3JacuH9HH0): Failed to open stream: No such file or directory at /home/bw8ol9jzdeiy/public_html/admin.loganexpresscare.com.au/main-website/vendor/laravel/framework/src/Illuminate/Filesystem/Filesystem.php:204)
[stacktrace]
#0 /home/bw8ol9jzdeiy/public_html/admin.loganexpresscare.com.au/main-website/vendor/laravel/framework/src/Illuminate/Foundation/Bootstrap/HandleExceptions.php(256): Illuminate\\Foundation\\Bootstrap\\HandleExceptions->handleError()
#1 [internal function]: Illuminate\\Foundation\\Bootstrap\\HandleExceptions->Illuminate\\Foundation\\Bootstrap\\{closure}()
#2 /home/bw8ol9jzdeiy/public_html/admin.loganexpresscare.com.au/main-website/vendor/laravel/framework/src/Illuminate/Filesystem/Filesystem.php(204): file_put_contents()
#3 /home/bw8ol9jzdeiy/public_html/admin.loganexpresscare.com.au/main-website/vendor/laravel/framework/src/Illuminate/Session/FileSessionHandler.php(89): Illuminate\\Filesystem\\Filesystem->put()
#4 /home/bw8ol9jzdeiy/public_html/admin.loganexpresscare.com.au/main-website/vendor/laravel/framework/src/Illuminate/Session/Store.php(175): Illuminate\\Session\\FileSessionHandler->write()
#5 /home/bw8ol9jzdeiy/public_html/admin.loganexpresscare.com.au/main-website/vendor/laravel/framework/src/Illuminate/Session/Middleware/StartSession.php(244): Illuminate\\Session\\Store->save()
#6 /home/bw8ol9jzdeiy/public_html/admin.loganexpresscare.com.au/main-website/vendor/laravel/framework/src/Illuminate/Session/Middleware/StartSession.php(129): Illuminate\\Session\\Middleware\\StartSession->saveSession()
#7 /home/bw8ol9jzdeiy/public_html/admin.loganexpresscare.com.au/main-website/vendor/laravel/framework/src/Illuminate/Session/Middleware/StartSession.php(63): Illuminate\\Session\\Middleware\\StartSession->handleStatefulRequest()
#8 /home/bw8ol9jzdeiy/public_html/admin.loganexpresscare.com.au/main-website/vendor/laravel/framework/src/Illuminate/Pipeline/Pipeline.php(208): Illuminate\\Session\\Middleware\\StartSession->handle()
#9 /home/bw8ol9jzdeiy/public_html/admin.loganexpresscare.com.au/main-website/vendor/laravel/framework/src/Illuminate/Foundation/Http/Middleware/TransformsRequest.php(21): Illuminate\\Pipeline\\Pipeline->Illuminate\\Pipeline\\{closure}()
#10 /home/bw8ol9jzdeiy/public_html/admin.loganexpresscare.com.au/main-website/vendor/laravel/framework/src/Illuminate/Foundation/Http/Middleware/ConvertEmptyStringsToNull.php(31): Illuminate\\Foundation\\Http\\Middleware\\TransformsRequest->handle()
#11 /home/bw8ol9jzdeiy/public_html/admin.loganexpresscare.com.au/main-website/vendor/laravel/framework/src/Illuminate/Pipeline/Pipeline.php(208): Illuminate\\Foundation\\Http\\Middleware\\ConvertEmptyStringsToNull->handle()
#12 /home/bw8ol9jzdeiy/public_html/admin.loganexpresscare.com.au/main-website/vendor/laravel/framework/src/Illuminate/Foundation/Http/Middleware/TransformsRequest.php(21): Illuminate\\Pipeline\\Pipeline->Illuminate\\Pipeline\\{closure}()
#13 /home/bw8ol9jzdeiy/public_html/admin.loganexpresscare.com.au/main-website/vendor/laravel/framework/src/Illuminate/Foundation/Http/Middleware/TrimStrings.php(51): Illuminate\\Foundation\\Http\\Middleware\\TransformsRequest->handle()
#14 /home/bw8ol9jzdeiy/public_html/admin.loganexpresscare.com.au/main-website/vendor/laravel/framework/src/Illuminate/Pipeline/Pipeline.php(208): Illuminate\\Foundation\\Http\\Middleware\\TrimStrings->handle()
#15 /home/bw8ol9jzdeiy/public_html/admin.loganexpresscare.com.au/main-website/vendor/laravel/framework/src/Illuminate/Http/Middleware/ValidatePostSize.php(27): Illuminate\\Pipeline\\Pipeline->Illuminate\\Pipeline\\{closure}()
#16 /home/bw8ol9jzdeiy/public_html/admin.loganexpresscare.com.au/main-website/vendor/laravel/framework/src/Illuminate/Pipeline/Pipeline.php(208): Illuminate\\Http\\Middleware\\ValidatePostSize->handle()
#17 /home/bw8ol9jzdeiy/public_html/admin.loganexpresscare.com.au/main-website/vendor/laravel/framework/src/Illuminate/Foundation/Http/Middleware/PreventRequestsDuringMaintenance.php(109): Illuminate\\Pipeline\\Pipeline->Illuminate\\Pipeline\\{closure}()
#18 /home/bw8ol9jzdeiy/public_html/admin.loganexpresscare.com.au/main-website/vendor/laravel/framework/src/Illuminate/Pipeline/Pipeline.php(208): Illuminate\\Foundation\\Http\\Middleware\\PreventRequestsDuringMaintenance->handle()
#19 /home/bw8ol9jzdeiy/public_html/admin.loganexpresscare.com.au/main-website/vendor/laravel/framework/src/Illuminate/Http/Middleware/HandleCors.php(48): Illuminate\\Pipeline\\Pipeline->Illuminate\\Pipeline\\{closure}()
#20 /home/bw8ol9jzdeiy/public_html/admin.loganexpresscare.com.au/main-website/vendor/laravel/framework/src/Illuminate/Pipeline/Pipeline.php(208): Illuminate\\Http\\Middleware\\HandleCors->handle()
#21 /home/bw8ol9jzdeiy/public_html/admin.loganexpresscare.com.au/main-website/vendor/laravel/framework/src/Illuminate/Http/Middleware/TrustProxies.php(58): Illuminate\\Pipeline\\Pipeline->Illuminate\\Pipeline\\{closure}()
#22 /home/bw8ol9jzdeiy/public_html/admin.loganexpresscare.com.au/main-website/vendor/laravel/framework/src/Illuminate/Pipeline/Pipeline.php(208): Illuminate\\Http\\Middleware\\TrustProxies->handle()
#23 /home/bw8ol9jzdeiy/public_html/admin.loganexpresscare.com.au/main-website/vendor/laravel/framework/src/Illuminate/Pipeline/Pipeline.php(126): Illuminate\\Pipeline\\Pipeline->Illuminate\\Pipeline\\{closure}()
#24 /home/bw8ol9jzdeiy/public_html/admin.loganexpresscare.com.au/main-website/vendor/laravel/framework/src/Illuminate/Foundation/Http/Kernel.php(175): Illuminate\\Pipeline\\Pipeline->then()
#25 /home/bw8ol9jzdeiy/public_html/admin.loganexpresscare.com.au/main-website/vendor/laravel/framework/src/Illuminate/Foundation/Http/Kernel.php(144): Illuminate\\Foundation\\Http\\Kernel->sendRequestThroughRouter()
#26 /home/bw8ol9jzdeiy/public_html/admin.loganexpresscare.com.au/main-website/public/index.php(51): Illuminate\\Foundation\\Http\\Kernel->handle()
#27 {main}
"} 
